c:\users\admin\source\repos\labproject00\labproject03\debug\labproject03.pch
c:\users\admin\source\repos\labproject00\labproject03\debug\vc141.pdb
c:\users\admin\source\repos\labproject00\labproject03\debug\vc141.idb
c:\users\admin\source\repos\labproject00\labproject03\debug\stdafx.obj
c:\users\admin\source\repos\labproject00\labproject03\debug\timer.obj
c:\users\admin\source\repos\labproject00\labproject03\debug\labproject03.obj
c:\users\admin\source\repos\labproject00\labproject03\debug\cgameframework.obj
c:\users\admin\source\repos\labproject00\debug\labproject03.exe
c:\users\admin\source\repos\labproject00\debug\labproject03.ilk
c:\users\admin\source\repos\labproject00\debug\labproject03.pdb
c:\users\admin\source\repos\labproject00\labproject03\debug\labproject03.res
c:\users\admin\source\repos\labproject00\labproject03\debug\labproject03.tlog\cl.command.1.tlog
c:\users\admin\source\repos\labproject00\labproject03\debug\labproject03.tlog\cl.read.1.tlog
c:\users\admin\source\repos\labproject00\labproject03\debug\labproject03.tlog\cl.write.1.tlog
c:\users\admin\source\repos\labproject00\labproject03\debug\labproject03.tlog\link.command.1.tlog
c:\users\admin\source\repos\labproject00\labproject03\debug\labproject03.tlog\link.read.1.tlog
c:\users\admin\source\repos\labproject00\labproject03\debug\labproject03.tlog\link.write.1.tlog
c:\users\admin\source\repos\labproject00\labproject03\debug\labproject03.tlog\rc.command.1.tlog
c:\users\admin\source\repos\labproject00\labproject03\debug\labproject03.tlog\rc.read.1.tlog
c:\users\admin\source\repos\labproject00\labproject03\debug\labproject03.tlog\rc.write.1.tlog
