  CGameFramework.cpp
c:\users\admin\source\repos\labproject00\labproject04\cgameframework.cpp(125): error C2371: 'dxgiSwapChainDesc': 재정의. 기본 형식이 다릅니다.
  c:\users\admin\source\repos\labproject00\labproject04\cgameframework.cpp(95): note: 'dxgiSwapChainDesc' 선언을 참조하십시오.
c:\users\admin\source\repos\labproject00\labproject04\cgameframework.cpp(128): error C2039: 'BufferDesc': 'DXGI_SWAP_CHAIN_DESC1'의 멤버가 아닙니다.
  c:\program files (x86)\windows kits\10\include\10.0.17134.0\shared\dxgi1_2.h(1187): note: 'DXGI_SWAP_CHAIN_DESC1' 선언을 참조하십시오.
c:\users\admin\source\repos\labproject00\labproject04\cgameframework.cpp(128): error C2228: '.Width' 왼쪽에는 클래스/구조체/공용 구조체가 있어야 합니다.
c:\users\admin\source\repos\labproject00\labproject04\cgameframework.cpp(129): error C2039: 'BufferDesc': 'DXGI_SWAP_CHAIN_DESC1'의 멤버가 아닙니다.
  c:\program files (x86)\windows kits\10\include\10.0.17134.0\shared\dxgi1_2.h(1187): note: 'DXGI_SWAP_CHAIN_DESC1' 선언을 참조하십시오.
c:\users\admin\source\repos\labproject00\labproject04\cgameframework.cpp(129): error C2228: '.Height' 왼쪽에는 클래스/구조체/공용 구조체가 있어야 합니다.
c:\users\admin\source\repos\labproject00\labproject04\cgameframework.cpp(130): error C2039: 'BufferDesc': 'DXGI_SWAP_CHAIN_DESC1'의 멤버가 아닙니다.
  c:\program files (x86)\windows kits\10\include\10.0.17134.0\shared\dxgi1_2.h(1187): note: 'DXGI_SWAP_CHAIN_DESC1' 선언을 참조하십시오.
c:\users\admin\source\repos\labproject00\labproject04\cgameframework.cpp(130): error C2228: '.Format' 왼쪽에는 클래스/구조체/공용 구조체가 있어야 합니다.
c:\users\admin\source\repos\labproject00\labproject04\cgameframework.cpp(131): error C2039: 'BufferDesc': 'DXGI_SWAP_CHAIN_DESC1'의 멤버가 아닙니다.
  c:\program files (x86)\windows kits\10\include\10.0.17134.0\shared\dxgi1_2.h(1187): note: 'DXGI_SWAP_CHAIN_DESC1' 선언을 참조하십시오.
c:\users\admin\source\repos\labproject00\labproject04\cgameframework.cpp(131): error C2228: '.RefreshRate' 왼쪽에는 클래스/구조체/공용 구조체가 있어야 합니다.
c:\users\admin\source\repos\labproject00\labproject04\cgameframework.cpp(131): error C2228: '.Numerator' 왼쪽에는 클래스/구조체/공용 구조체가 있어야 합니다.
c:\users\admin\source\repos\labproject00\labproject04\cgameframework.cpp(132): error C2039: 'BufferDesc': 'DXGI_SWAP_CHAIN_DESC1'의 멤버가 아닙니다.
  c:\program files (x86)\windows kits\10\include\10.0.17134.0\shared\dxgi1_2.h(1187): note: 'DXGI_SWAP_CHAIN_DESC1' 선언을 참조하십시오.
c:\users\admin\source\repos\labproject00\labproject04\cgameframework.cpp(132): error C2228: '.RefreshRate' 왼쪽에는 클래스/구조체/공용 구조체가 있어야 합니다.
c:\users\admin\source\repos\labproject00\labproject04\cgameframework.cpp(132): error C2228: '.Denominator' 왼쪽에는 클래스/구조체/공용 구조체가 있어야 합니다.
c:\users\admin\source\repos\labproject00\labproject04\cgameframework.cpp(135): error C2039: 'OutputWindow': 'DXGI_SWAP_CHAIN_DESC1'의 멤버가 아닙니다.
  c:\program files (x86)\windows kits\10\include\10.0.17134.0\shared\dxgi1_2.h(1187): note: 'DXGI_SWAP_CHAIN_DESC1' 선언을 참조하십시오.
c:\users\admin\source\repos\labproject00\labproject04\cgameframework.cpp(136): error C2228: '.Count' 왼쪽에는 클래스/구조체/공용 구조체가 있어야 합니다.
c:\users\admin\source\repos\labproject00\labproject04\cgameframework.cpp(137): error C2228: '.Quality' 왼쪽에는 클래스/구조체/공용 구조체가 있어야 합니다.
c:\users\admin\source\repos\labproject00\labproject04\cgameframework.cpp(138): error C2039: 'Windowed': 'DXGI_SWAP_CHAIN_DESC1'의 멤버가 아닙니다.
  c:\program files (x86)\windows kits\10\include\10.0.17134.0\shared\dxgi1_2.h(1187): note: 'DXGI_SWAP_CHAIN_DESC1' 선언을 참조하십시오.
c:\users\admin\source\repos\labproject00\labproject04\cgameframework.cpp(142): error C2664: 'HRESULT IDXGIFactory::CreateSwapChain(IUnknown *,DXGI_SWAP_CHAIN_DESC *,IDXGISwapChain **)': 인수 2을(를) 'DXGI_SWAP_CHAIN_DESC1 *'에서 'DXGI_SWAP_CHAIN_DESC *'(으)로 변환할 수 없습니다.
  c:\users\admin\source\repos\labproject00\labproject04\cgameframework.cpp(143): note: 가리킨 형식이 관련이 없습니다. 변환하려면 reinterpret_cast, C 스타일 캐스트 또는 함수 스타일 캐스트가 필요합니다.
c:\users\admin\source\repos\labproject00\labproject04\cgameframework.cpp(481): error C2065: 'm_ppd3dSwapChainBackBuffers': 선언되지 않은 식별자입니다.
c:\users\admin\source\repos\labproject00\labproject04\cgameframework.cpp(482): error C2065: 'm_ppd3dSwapChainBackBuffers': 선언되지 않은 식별자입니다.
c:\users\admin\source\repos\labproject00\labproject04\cgameframework.cpp(482): error C2227: '->Release' 왼쪽은 클래스/구조체/공용 구조체/제네릭 형식을 가리켜야 합니다.
